2021-06-30 18:36:33,280 CRIT Supervisor is running as root.  Privileges were not dropped because no user is specified in the config file.  If you intend to run as root, you can set user=root in the config file to avoid this message.
2021-06-30 18:36:33,284 INFO supervisord started with pid 1
2021-06-30 18:36:34,289 INFO spawned: 'daphne' with pid 8
2021-06-30 18:36:34,296 INFO spawned: 'gunicorn' with pid 9
2021-06-30 18:36:35,133 INFO exited: daphne (exit status 1; not expected)
2021-06-30 18:36:36,136 INFO spawned: 'daphne' with pid 14
2021-06-30 18:36:36,136 INFO success: gunicorn entered RUNNING state, process has stayed up for > than 1 seconds (startsecs)
2021-06-30 18:36:36,833 INFO exited: daphne (exit status 1; not expected)
2021-06-30 18:36:38,838 INFO spawned: 'daphne' with pid 16
2021-06-30 18:36:39,601 INFO exited: daphne (exit status 1; not expected)
2021-06-30 18:36:42,605 INFO spawned: 'daphne' with pid 18
2021-06-30 18:36:43,362 INFO exited: daphne (exit status 1; not expected)
2021-06-30 18:36:44,364 INFO gave up: daphne entered FATAL state, too many start retries too quickly
2021-06-30 18:36:48,368 WARN received SIGTERM indicating exit request
2021-06-30 18:36:48,368 INFO waiting for gunicorn to die
2021-06-30 18:36:48,594 INFO stopped: gunicorn (exit status 0)
2021-06-30 18:38:50,459 CRIT Supervisor is running as root.  Privileges were not dropped because no user is specified in the config file.  If you intend to run as root, you can set user=root in the config file to avoid this message.
2021-06-30 18:38:50,463 INFO supervisord started with pid 1
2021-06-30 18:38:51,469 INFO spawned: 'daphne' with pid 8
2021-06-30 18:38:51,475 INFO spawned: 'gunicorn' with pid 9
2021-06-30 18:38:52,201 INFO exited: daphne (exit status 1; not expected)
2021-06-30 18:38:53,204 INFO spawned: 'daphne' with pid 14
2021-06-30 18:38:53,204 INFO success: gunicorn entered RUNNING state, process has stayed up for > than 1 seconds (startsecs)
2021-06-30 18:38:53,848 INFO exited: daphne (exit status 1; not expected)
2021-06-30 18:38:55,852 INFO spawned: 'daphne' with pid 16
2021-06-30 18:38:56,469 INFO exited: daphne (exit status 1; not expected)
2021-06-30 18:38:59,474 INFO spawned: 'daphne' with pid 18
2021-06-30 18:39:00,118 INFO exited: daphne (exit status 1; not expected)
2021-06-30 18:39:01,118 INFO gave up: daphne entered FATAL state, too many start retries too quickly
2021-06-30 18:42:25,602 WARN received SIGTERM indicating exit request
2021-06-30 18:42:25,603 INFO waiting for gunicorn to die
2021-06-30 18:42:25,829 INFO stopped: gunicorn (exit status 0)
2021-06-30 18:52:51,831 CRIT Supervisor is running as root.  Privileges were not dropped because no user is specified in the config file.  If you intend to run as root, you can set user=root in the config file to avoid this message.
2021-06-30 18:52:51,836 INFO supervisord started with pid 1
2021-06-30 18:52:52,840 INFO spawned: 'daphne' with pid 8
2021-06-30 18:52:52,848 INFO spawned: 'gunicorn' with pid 9
2021-06-30 18:52:53,865 INFO success: daphne entered RUNNING state, process has stayed up for > than 1 seconds (startsecs)
2021-06-30 18:52:53,865 INFO success: gunicorn entered RUNNING state, process has stayed up for > than 1 seconds (startsecs)
2021-06-30 19:03:06,537 WARN received SIGTERM indicating exit request
2021-06-30 19:03:06,542 INFO waiting for daphne, gunicorn to die
2021-06-30 19:03:06,772 INFO stopped: gunicorn (exit status 0)
2021-06-30 19:03:06,933 INFO stopped: daphne (exit status 0)
2021-06-30 19:05:33,886 CRIT Supervisor is running as root.  Privileges were not dropped because no user is specified in the config file.  If you intend to run as root, you can set user=root in the config file to avoid this message.
2021-06-30 19:05:33,891 INFO supervisord started with pid 1
2021-06-30 19:05:34,893 INFO spawned: 'daphne' with pid 8
2021-06-30 19:05:34,895 INFO spawned: 'gunicorn' with pid 9
2021-06-30 19:05:36,804 INFO success: daphne entered RUNNING state, process has stayed up for > than 1 seconds (startsecs)
2021-06-30 19:05:36,804 INFO success: gunicorn entered RUNNING state, process has stayed up for > than 1 seconds (startsecs)
2021-06-30 19:07:06,917 WARN received SIGTERM indicating exit request
2021-06-30 19:07:06,917 INFO waiting for daphne, gunicorn to die
2021-06-30 19:07:07,146 INFO stopped: gunicorn (exit status 0)
2021-06-30 19:07:07,294 INFO stopped: daphne (exit status 0)
2021-06-30 19:08:06,664 CRIT Supervisor is running as root.  Privileges were not dropped because no user is specified in the config file.  If you intend to run as root, you can set user=root in the config file to avoid this message.
2021-06-30 19:08:06,668 INFO supervisord started with pid 1
2021-06-30 19:08:07,671 INFO spawned: 'daphne' with pid 8
2021-06-30 19:08:07,675 INFO spawned: 'gunicorn' with pid 9
2021-06-30 19:08:09,509 INFO success: daphne entered RUNNING state, process has stayed up for > than 1 seconds (startsecs)
2021-06-30 19:08:09,509 INFO success: gunicorn entered RUNNING state, process has stayed up for > than 1 seconds (startsecs)
2021-06-30 19:09:13,592 WARN received SIGTERM indicating exit request
2021-06-30 19:09:13,592 INFO waiting for daphne, gunicorn to die
2021-06-30 19:09:13,821 INFO stopped: gunicorn (exit status 0)
2021-06-30 19:09:13,976 INFO stopped: daphne (exit status 0)
2021-06-30 19:09:17,394 CRIT Supervisor is running as root.  Privileges were not dropped because no user is specified in the config file.  If you intend to run as root, you can set user=root in the config file to avoid this message.
2021-06-30 19:09:17,399 INFO supervisord started with pid 1
2021-06-30 19:09:18,402 INFO spawned: 'daphne' with pid 8
2021-06-30 19:09:18,404 INFO spawned: 'gunicorn' with pid 9
2021-06-30 19:09:20,206 INFO success: daphne entered RUNNING state, process has stayed up for > than 1 seconds (startsecs)
2021-06-30 19:09:20,206 INFO success: gunicorn entered RUNNING state, process has stayed up for > than 1 seconds (startsecs)
2021-06-30 19:10:26,297 WARN received SIGTERM indicating exit request
2021-06-30 19:10:26,298 INFO waiting for daphne, gunicorn to die
2021-06-30 19:10:26,528 INFO stopped: gunicorn (exit status 0)
2021-06-30 19:10:26,685 INFO stopped: daphne (exit status 0)
2021-06-30 19:10:30,028 CRIT Supervisor is running as root.  Privileges were not dropped because no user is specified in the config file.  If you intend to run as root, you can set user=root in the config file to avoid this message.
2021-06-30 19:10:30,033 INFO supervisord started with pid 1
2021-06-30 19:10:31,038 INFO spawned: 'daphne' with pid 8
2021-06-30 19:10:31,046 INFO spawned: 'gunicorn' with pid 9
2021-06-30 19:10:32,914 INFO success: daphne entered RUNNING state, process has stayed up for > than 1 seconds (startsecs)
2021-06-30 19:10:32,914 INFO success: gunicorn entered RUNNING state, process has stayed up for > than 1 seconds (startsecs)
2021-06-30 19:11:48,020 WARN received SIGTERM indicating exit request
2021-06-30 19:11:48,021 INFO waiting for daphne, gunicorn to die
2021-06-30 19:11:48,244 INFO stopped: gunicorn (exit status 0)
2021-06-30 19:11:48,398 INFO stopped: daphne (exit status 0)
2021-06-30 19:12:38,632 CRIT Supervisor is running as root.  Privileges were not dropped because no user is specified in the config file.  If you intend to run as root, you can set user=root in the config file to avoid this message.
2021-06-30 19:12:38,635 INFO supervisord started with pid 1
2021-06-30 19:12:39,642 INFO spawned: 'daphne' with pid 8
2021-06-30 19:12:39,650 INFO spawned: 'gunicorn' with pid 9
2021-06-30 19:12:41,534 INFO success: daphne entered RUNNING state, process has stayed up for > than 1 seconds (startsecs)
2021-06-30 19:12:41,534 INFO success: gunicorn entered RUNNING state, process has stayed up for > than 1 seconds (startsecs)
2021-06-30 19:14:01,630 WARN received SIGTERM indicating exit request
2021-06-30 19:14:01,630 INFO waiting for daphne, gunicorn to die
2021-06-30 19:14:01,856 INFO stopped: gunicorn (exit status 0)
2021-06-30 19:14:02,008 INFO stopped: daphne (exit status 0)
2021-06-30 19:25:33,210 CRIT Supervisor is running as root.  Privileges were not dropped because no user is specified in the config file.  If you intend to run as root, you can set user=root in the config file to avoid this message.
2021-06-30 19:25:33,214 INFO supervisord started with pid 1
2021-06-30 19:25:34,218 INFO spawned: 'daphne' with pid 8
2021-06-30 19:25:34,226 INFO spawned: 'gunicorn' with pid 9
2021-06-30 19:25:35,401 INFO success: daphne entered RUNNING state, process has stayed up for > than 1 seconds (startsecs)
2021-06-30 19:25:35,401 INFO success: gunicorn entered RUNNING state, process has stayed up for > than 1 seconds (startsecs)
2021-06-30 19:30:43,007 WARN received SIGTERM indicating exit request
2021-06-30 19:30:43,012 INFO waiting for daphne, gunicorn to die
2021-06-30 19:30:43,353 INFO stopped: gunicorn (exit status 0)
2021-06-30 19:30:43,512 INFO stopped: daphne (exit status 0)
2021-06-30 19:36:52,419 CRIT Supervisor is running as root.  Privileges were not dropped because no user is specified in the config file.  If you intend to run as root, you can set user=root in the config file to avoid this message.
2021-06-30 19:36:52,422 INFO supervisord started with pid 1
2021-06-30 19:36:53,429 INFO spawned: 'daphne' with pid 8
2021-06-30 19:36:53,436 INFO spawned: 'gunicorn' with pid 9
2021-06-30 19:36:54,159 INFO exited: daphne (exit status 1; not expected)
2021-06-30 19:36:55,163 INFO spawned: 'daphne' with pid 14
2021-06-30 19:36:55,164 INFO success: gunicorn entered RUNNING state, process has stayed up for > than 1 seconds (startsecs)
2021-06-30 19:36:56,010 INFO exited: daphne (exit status 1; not expected)
2021-06-30 19:36:58,013 INFO spawned: 'daphne' with pid 16
2021-06-30 19:36:58,630 INFO exited: daphne (exit status 1; not expected)
2021-06-30 19:37:01,637 INFO spawned: 'daphne' with pid 18
2021-06-30 19:37:02,268 INFO exited: daphne (exit status 1; not expected)
2021-06-30 19:37:03,269 INFO gave up: daphne entered FATAL state, too many start retries too quickly
